  Noise.cpp
C:\Users\neoni\OneDrive\Documents\UNI\ProceduralEcoSystems\ProceduralEcoSystems\Noise.cpp(25,31): warning C4244: 'argument': conversion from 'int' to '_Ty', possible loss of data
          with
          [
              _Ty=float
          ]
C:\Users\neoni\OneDrive\Documents\UNI\ProceduralEcoSystems\ProceduralEcoSystems\Noise.cpp(125,31): warning C4244: 'argument': conversion from 'int' to '_Ty', possible loss of data
          with
          [
              _Ty=float
          ]
C:\Users\neoni\OneDrive\Documents\UNI\ProceduralEcoSystems\ProceduralEcoSystems\Noise.cpp(160,17): warning C4244: 'initializing': conversion from 'int' to 'float', possible loss of data
C:\Users\neoni\OneDrive\Documents\UNI\ProceduralEcoSystems\ProceduralEcoSystems\Noise.cpp(161,17): warning C4244: 'initializing': conversion from 'int' to 'float', possible loss of data
C:\Users\neoni\OneDrive\Documents\UNI\ProceduralEcoSystems\ProceduralEcoSystems\Noise.cpp(223,23): warning C4244: 'initializing': conversion from 'float' to 'int', possible loss of data
C:\Users\neoni\OneDrive\Documents\UNI\ProceduralEcoSystems\ProceduralEcoSystems\Noise.cpp(224,23): warning C4244: 'initializing': conversion from 'float' to 'int', possible loss of data
C:\Users\neoni\OneDrive\Documents\UNI\ProceduralEcoSystems\ProceduralEcoSystems\Noise.cpp(225,23): warning C4244: 'initializing': conversion from 'float' to 'int', possible loss of data
C:\Users\neoni\OneDrive\Documents\UNI\ProceduralEcoSystems\ProceduralEcoSystems\Noise.cpp(226,23): warning C4244: 'initializing': conversion from 'float' to 'int', possible loss of data
C:\Users\neoni\OneDrive\Documents\UNI\ProceduralEcoSystems\ProceduralEcoSystems\Noise.cpp(271,68): warning C4244: 'argument': conversion from 'int' to 'float', possible loss of data
C:\Users\neoni\OneDrive\Documents\UNI\ProceduralEcoSystems\ProceduralEcoSystems\Noise.cpp(271,35): warning C4244: 'argument': conversion from 'int' to 'float', possible loss of data
C:\Users\neoni\OneDrive\Documents\UNI\ProceduralEcoSystems\ProceduralEcoSystems\Noise.cpp(272,68): warning C4244: 'argument': conversion from 'int' to 'float', possible loss of data
C:\Users\neoni\OneDrive\Documents\UNI\ProceduralEcoSystems\ProceduralEcoSystems\Noise.cpp(272,35): warning C4244: 'argument': conversion from 'int' to 'float', possible loss of data
C:\Users\neoni\OneDrive\Documents\UNI\ProceduralEcoSystems\ProceduralEcoSystems\Noise.cpp(273,68): warning C4244: 'argument': conversion from 'int' to 'float', possible loss of data
C:\Users\neoni\OneDrive\Documents\UNI\ProceduralEcoSystems\ProceduralEcoSystems\Noise.cpp(273,35): warning C4244: 'argument': conversion from 'int' to 'float', possible loss of data
C:\Users\neoni\OneDrive\Documents\UNI\ProceduralEcoSystems\ProceduralEcoSystems\Noise.cpp(274,68): warning C4244: 'argument': conversion from 'int' to 'float', possible loss of data
C:\Users\neoni\OneDrive\Documents\UNI\ProceduralEcoSystems\ProceduralEcoSystems\Noise.cpp(274,35): warning C4244: 'argument': conversion from 'int' to 'float', possible loss of data
  ProceduralEcoSystems.vcxproj -> C:\Users\neoni\OneDrive\Documents\UNI\ProceduralEcoSystems\x64\Debug\ProceduralEcoSystems.exe
